TN:
SF:D:\development\aion\rubix\retail\webadmin\src\polyfills.ts
FNF:0
FNH:0
DA:66,1
LF:1
LH:1
BRF:0
BRH:0
end_of_record
TN:
SF:D:\development\aion\rubix\retail\webadmin\src\test.ts
FNF:0
FNH:0
DA:13,1
DA:18,1
DA:20,1
LF:3
LH:3
BRF:0
BRH:0
end_of_record
TN:
SF:D:\development\aion\rubix\retail\webadmin\src\@fuse\animations\index.ts
FNF:0
FNH:0
DA:3,1
DA:21,1
LF:2
LH:2
BRF:0
BRH:0
end_of_record
TN:
SF:D:\development\aion\rubix\retail\webadmin\src\@fuse\services\config.service.ts
FN:27,(anonymous_0)
FN:47,(anonymous_1)
FN:59,(anonymous_2)
FN:69,(anonymous_3)
FN:83,(anonymous_4)
FN:99,(anonymous_5)
FN:100,(anonymous_6)
FN:125,(anonymous_7)
FN:146,(anonymous_8)
FN:154,(anonymous_9)
FNF:10
FNH:0
FNDA:0,(anonymous_0)
FNDA:0,(anonymous_1)
FNDA:0,(anonymous_2)
FNDA:0,(anonymous_3)
FNDA:0,(anonymous_4)
FNDA:0,(anonymous_5)
FNDA:0,(anonymous_6)
FNDA:0,(anonymous_7)
FNDA:0,(anonymous_8)
FNDA:0,(anonymous_9)
DA:9,1
DA:14,1
DA:28,0
DA:29,0
DA:30,0
DA:34,0
DA:37,0
DA:50,0
DA:53,0
DA:56,0
DA:61,0
DA:71,0
DA:88,0
DA:90,0
DA:94,0
DA:98,0
DA:99,0
DA:101,0
DA:104,0
DA:107,0
DA:110,0
DA:128,0
DA:131,0
DA:134,0
DA:137,0
DA:148,0
DA:157,0
LF:27
LH:2
BRDA:88,0,0,0
BRDA:88,0,1,0
BRDA:88,1,0,0
BRDA:88,1,1,0
BRDA:101,2,0,0
BRDA:101,2,1,0
BRDA:125,3,0,0
BRDA:134,4,0,0
BRDA:134,4,1,0
BRF:9
BRH:0
end_of_record
TN:
SF:D:\development\aion\rubix\retail\webadmin\src\app\auth\views\forgot-password\forgot-password.component.ts
FN:21,(anonymous_0)
FN:46,(anonymous_1)
FN:51,(anonymous_2)
FN:55,(anonymous_3)
FN:59,(anonymous_4)
FNF:5
FNH:3
FNDA:11,(anonymous_0)
FNDA:22,(anonymous_1)
FNDA:1,(anonymous_2)
FNDA:0,(anonymous_3)
FNDA:0,(anonymous_4)
DA:17,1
DA:22,11
DA:23,11
DA:26,11
DA:28,11
DA:47,22
DA:52,1
DA:56,0
DA:57,0
DA:59,0
LF:10
LH:7
BRF:0
BRH:0
end_of_record
TN:
SF:D:\development\aion\rubix\retail\webadmin\src\app\auth\views\invitation\invitation.component.ts
FN:33,(anonymous_0)
FN:61,(anonymous_1)
FN:84,(anonymous_2)
FN:93,(anonymous_3)
FN:98,(anonymous_4)
FN:105,(anonymous_5)
FN:111,(anonymous_6)
FN:113,(anonymous_7)
FN:117,(anonymous_8)
FNF:9
FNH:9
FNDA:13,(anonymous_0)
FNDA:30,(anonymous_1)
FNDA:63,(anonymous_2)
FNDA:3,(anonymous_3)
FNDA:2,(anonymous_4)
FNDA:1,(anonymous_5)
FNDA:29,(anonymous_6)
FNDA:27,(anonymous_7)
FNDA:2,(anonymous_8)
DA:26,1
DA:30,13
DA:31,13
DA:34,13
DA:35,13
DA:36,13
DA:39,13
DA:40,13
DA:44,13
DA:62,30
DA:82,30
DA:85,63
DA:89,1
DA:91,62
DA:94,3
DA:95,3
DA:96,3
DA:97,3
DA:99,2
DA:100,2
DA:106,1
DA:107,1
DA:112,29
DA:114,27
DA:115,27
DA:118,2
DA:119,2
DA:120,1
DA:121,1
DA:123,1
LF:30
LH:30
BRDA:85,0,0,1
BRDA:85,0,1,62
BRDA:86,1,0,63
BRDA:86,1,1,50
BRDA:119,2,0,1
BRDA:119,2,1,1
BRF:6
BRH:6
end_of_record
TN:
SF:D:\development\aion\rubix\retail\webadmin\src\app\auth\views\login\login.component.ts
FN:22,(anonymous_0)
FN:48,(anonymous_1)
FN:55,(anonymous_2)
FN:58,(anonymous_3)
FN:61,(anonymous_4)
FN:67,(anonymous_5)
FNF:6
FNH:6
FNDA:14,(anonymous_0)
FNDA:28,(anonymous_1)
FNDA:3,(anonymous_2)
FNDA:1,(anonymous_3)
FNDA:1,(anonymous_4)
FNDA:1,(anonymous_5)
DA:18,1
DA:23,14
DA:24,14
DA:25,14
DA:26,14
DA:29,14
DA:30,14
DA:49,28
DA:50,28
DA:56,3
DA:57,3
DA:59,1
DA:60,1
DA:61,1
DA:62,1
DA:68,1
DA:69,1
DA:70,0
DA:72,1
LF:19
LH:18
BRDA:63,0,0,0
BRDA:63,0,1,1
BRDA:69,1,0,0
BRDA:69,1,1,1
BRF:4
BRH:2
end_of_record
TN:
SF:D:\development\aion\rubix\retail\webadmin\src\app\auth\views\reset-password\reset-password.component.ts
FN:32,(anonymous_0)
FN:63,(anonymous_1)
FN:74,(anonymous_2)
FN:83,(anonymous_3)
FN:87,(anonymous_4)
FN:91,(anonymous_5)
FN:94,(anonymous_6)
FN:96,(anonymous_7)
FN:99,(anonymous_8)
FN:105,(anonymous_9)
FNF:10
FNH:10
FNDA:13,(anonymous_0)
FNDA:29,(anonymous_1)
FNDA:62,(anonymous_2)
FNDA:3,(anonymous_3)
FNDA:2,(anonymous_4)
FNDA:1,(anonymous_5)
FNDA:28,(anonymous_6)
FNDA:27,(anonymous_7)
FNDA:1,(anonymous_8)
FNDA:13,(anonymous_9)
DA:26,1
DA:33,13
DA:34,13
DA:35,13
DA:39,13
DA:40,13
DA:42,13
DA:60,13
DA:64,29
DA:65,29
DA:75,62
DA:79,1
DA:81,61
DA:84,3
DA:85,3
DA:86,3
DA:88,2
DA:89,2
DA:91,1
DA:95,28
DA:100,1
DA:101,1
DA:106,13
DA:107,13
LF:24
LH:24
BRDA:75,0,0,1
BRDA:75,0,1,61
BRDA:76,1,0,62
BRDA:76,1,1,49
BRF:4
BRH:4
end_of_record
TN:
SF:D:\development\aion\rubix\retail\webadmin\src\app\config\index.ts
FNF:0
FNH:0
DA:9,1
DA:19,1
LF:2
LH:2
BRF:0
BRH:0
end_of_record
TN:
SF:D:\development\aion\rubix\retail\webadmin\src\app\features\calender\calender.constant.ts
FNF:0
FNH:0
DA:1,1
DA:2,1
LF:2
LH:2
BRF:0
BRH:0
end_of_record
TN:
SF:D:\development\aion\rubix\retail\webadmin\src\app\features\calender\components\holiday-form\holiday-form.component.ts
FN:23,(anonymous_0)
FN:34,(anonymous_1)
FN:51,(anonymous_2)
FNF:3
FNH:0
FNDA:0,(anonymous_0)
FNDA:0,(anonymous_1)
FNDA:0,(anonymous_2)
DA:18,1
DA:24,0
DA:25,0
DA:26,0
DA:27,0
DA:31,0
DA:35,0
DA:52,0
LF:8
LH:1
BRF:0
BRH:0
end_of_record
TN:
SF:D:\development\aion\rubix\retail\webadmin\src\app\features\calender\components\working-day-form\working-day-form.component.ts
FN:25,(anonymous_0)
FN:36,(anonymous_1)
FN:52,(anonymous_2)
FN:65,(anonymous_3)
FN:68,(anonymous_4)
FN:71,(anonymous_5)
FN:81,(anonymous_6)
FNF:7
FNH:0
FNDA:0,(anonymous_0)
FNDA:0,(anonymous_1)
FNDA:0,(anonymous_2)
FNDA:0,(anonymous_3)
FNDA:0,(anonymous_4)
FNDA:0,(anonymous_5)
FNDA:0,(anonymous_6)
DA:17,1
DA:22,0
DA:23,0
DA:24,0
DA:26,0
DA:27,0
DA:28,0
DA:29,0
DA:33,0
DA:37,0
DA:52,0
DA:53,0
DA:54,0
DA:55,0
DA:56,0
DA:58,0
DA:59,0
DA:60,0
DA:61,0
DA:66,0
DA:69,0
DA:73,0
DA:81,0
DA:84,0
DA:85,0
DA:86,0
DA:88,0
DA:89,0
DA:90,0
DA:91,0
DA:95,0
LF:31
LH:1
BRDA:53,0,0,0
BRDA:53,0,1,0
BRDA:84,1,0,0
BRDA:84,1,1,0
BRDA:86,2,0,0
BRDA:86,2,1,0
BRF:6
BRH:0
end_of_record
TN:
SF:D:\development\aion\rubix\retail\webadmin\src\app\features\calender\models\holiday.model.ts
FNF:0
FNH:0
LF:0
LH:0
BRF:0
BRH:0
end_of_record
TN:
SF:D:\development\aion\rubix\retail\webadmin\src\app\features\calender\models\working-week.model.ts
FNF:0
FNH:0
LF:0
LH:0
BRF:0
BRH:0
end_of_record
TN:
SF:D:\development\aion\rubix\retail\webadmin\src\app\features\calender\services\calendar.service.ts
FN:10,(anonymous_0)
FN:16,(anonymous_1)
FN:21,(anonymous_2)
FNF:3
FNH:0
FNDA:0,(anonymous_0)
FNDA:0,(anonymous_1)
FNDA:0,(anonymous_2)
DA:8,1
DA:11,0
DA:18,0
DA:23,0
LF:4
LH:1
BRF:0
BRH:0
end_of_record
TN:
SF:D:\development\aion\rubix\retail\webadmin\src\app\features\calender\views\holiday\holiday.component.ts
FN:45,(anonymous_0)
FN:54,(anonymous_1)
FN:59,(anonymous_2)
FN:61,(anonymous_3)
FN:68,(anonymous_4)
FN:74,(anonymous_5)
FN:83,(anonymous_6)
FN:87,(anonymous_7)
FN:92,(anonymous_8)
FN:96,(anonymous_9)
FN:106,(anonymous_10)
FN:110,(anonymous_11)
FNF:12
FNH:0
FNDA:0,(anonymous_0)
FNDA:0,(anonymous_1)
FNDA:0,(anonymous_2)
FNDA:0,(anonymous_3)
FNDA:0,(anonymous_4)
FNDA:0,(anonymous_5)
FNDA:0,(anonymous_6)
FNDA:0,(anonymous_7)
FNDA:0,(anonymous_8)
FNDA:0,(anonymous_9)
FNDA:0,(anonymous_10)
FNDA:0,(anonymous_11)
DA:24,1
DA:30,0
DA:40,0
DA:41,1
DA:42,1
DA:46,0
DA:47,0
DA:51,0
DA:55,0
DA:60,0
DA:62,0
DA:64,0
DA:65,0
DA:66,0
DA:69,0
DA:75,0
DA:83,0
DA:88,0
DA:92,0
DA:93,0
DA:97,0
DA:98,0
DA:99,0
DA:106,0
DA:111,0
LF:25
LH:3
BRF:0
BRH:0
end_of_record
TN:
SF:D:\development\aion\rubix\retail\webadmin\src\app\features\calender\views\working-day\working-day.component.ts
FN:43,(anonymous_0)
FN:52,(anonymous_1)
FN:57,(anonymous_2)
FN:59,(anonymous_3)
FN:65,(anonymous_4)
FN:71,(anonymous_5)
FN:78,(anonymous_6)
FN:82,(anonymous_7)
FN:87,(anonymous_8)
FN:91,(anonymous_9)
FN:101,(anonymous_10)
FN:105,(anonymous_11)
FNF:12
FNH:0
FNDA:0,(anonymous_0)
FNDA:0,(anonymous_1)
FNDA:0,(anonymous_2)
FNDA:0,(anonymous_3)
FNDA:0,(anonymous_4)
FNDA:0,(anonymous_5)
FNDA:0,(anonymous_6)
FNDA:0,(anonymous_7)
FNDA:0,(anonymous_8)
FNDA:0,(anonymous_9)
FNDA:0,(anonymous_10)
FNDA:0,(anonymous_11)
DA:22,1
DA:28,0
DA:38,0
DA:39,1
DA:40,1
DA:44,0
DA:45,0
DA:49,0
DA:53,0
DA:58,0
DA:60,0
DA:61,0
DA:62,0
DA:63,0
DA:66,0
DA:72,0
DA:78,0
DA:83,0
DA:87,0
DA:88,0
DA:92,0
DA:93,0
DA:94,0
DA:101,0
DA:106,0
LF:25
LH:3
BRF:0
BRH:0
end_of_record
TN:
SF:D:\development\aion\rubix\retail\webadmin\src\app\features\entitlement\models\role.model.ts
FN:4,(anonymous_0)
FNF:1
FNH:1
FNDA:9,(anonymous_0)
DA:7,9
LF:1
LH:1
BRF:0
BRH:0
end_of_record
TN:
SF:D:\development\aion\rubix\retail\webadmin\src\app\features\entitlement\models\user.model.ts
FN:4,(anonymous_0)
FNF:1
FNH:1
FNDA:8,(anonymous_0)
DA:13,8
LF:1
LH:1
BRF:0
BRH:0
end_of_record
TN:
SF:D:\development\aion\rubix\retail\webadmin\src\app\features\entitlement\role\components\permission\permission.component.ts
FN:30,(anonymous_0)
FN:34,(anonymous_1)
FN:38,(anonymous_2)
FN:40,(anonymous_3)
FN:42,(anonymous_4)
FN:44,(anonymous_5)
FN:53,(anonymous_6)
FNF:7
FNH:0
FNDA:0,(anonymous_0)
FNDA:0,(anonymous_1)
FNDA:0,(anonymous_2)
FNDA:0,(anonymous_3)
FNDA:0,(anonymous_4)
FNDA:0,(anonymous_5)
FNDA:0,(anonymous_6)
DA:24,1
DA:25,0
DA:26,1
DA:27,1
DA:28,0
DA:29,0
DA:31,0
DA:35,0
DA:38,0
DA:39,0
DA:40,0
DA:41,0
DA:42,0
DA:43,0
DA:44,0
DA:50,0
DA:54,0
LF:17
LH:3
BRDA:46,0,0,0
BRDA:46,0,1,0
BRF:2
BRH:0
end_of_record
TN:
SF:D:\development\aion\rubix\retail\webadmin\src\app\features\entitlement\role\components\role-form\role-form.component.ts
FN:32,(anonymous_0)
FN:41,(anonymous_1)
FN:43,(anonymous_2)
FN:46,(anonymous_3)
FN:59,(anonymous_4)
FN:65,(anonymous_5)
FN:69,(anonymous_6)
FN:72,(anonymous_7)
FN:75,(anonymous_8)
FN:79,(anonymous_9)
FN:87,(anonymous_10)
FN:90,(anonymous_11)
FN:100,(anonymous_12)
FN:103,(anonymous_13)
FNF:14
FNH:5
FNDA:8,(anonymous_0)
FNDA:16,(anonymous_1)
FNDA:0,(anonymous_2)
FNDA:16,(anonymous_3)
FNDA:0,(anonymous_4)
FNDA:38,(anonymous_5)
FNDA:0,(anonymous_6)
FNDA:0,(anonymous_7)
FNDA:0,(anonymous_8)
FNDA:0,(anonymous_9)
FNDA:0,(anonymous_10)
FNDA:0,(anonymous_11)
FNDA:0,(anonymous_12)
FNDA:8,(anonymous_13)
DA:23,1
DA:25,8
DA:26,8
DA:27,8
DA:30,8
DA:33,8
DA:34,8
DA:38,8
DA:42,16
DA:43,16
DA:44,16
DA:46,16
DA:47,16
DA:48,16
DA:50,16
DA:58,16
DA:59,16
DA:60,0
DA:61,0
DA:63,16
DA:66,38
DA:70,0
DA:73,0
DA:76,0
DA:79,0
DA:80,0
DA:85,0
DA:88,0
DA:89,0
DA:90,0
DA:91,0
DA:92,0
DA:93,0
DA:96,0
DA:97,0
DA:101,0
DA:104,8
DA:105,8
LF:38
LH:21
BRDA:70,0,0,0
BRDA:70,0,1,0
BRDA:92,1,0,0
BRDA:92,1,1,0
BRDA:92,2,0,0
BRDA:92,2,1,0
BRF:6
BRH:0
end_of_record
TN:
SF:D:\development\aion\rubix\retail\webadmin\src\app\features\entitlement\role\services\role.service.ts
FN:12,(anonymous_0)
FN:13,(anonymous_1)
FN:16,(anonymous_2)
FN:19,(anonymous_3)
FN:22,(anonymous_4)
FN:25,(anonymous_5)
FN:28,(anonymous_6)
FN:35,(anonymous_7)
FN:38,(anonymous_8)
FN:39,(anonymous_9)
FN:43,(anonymous_10)
FN:46,(anonymous_11)
FN:48,(anonymous_12)
FN:54,(anonymous_13)
FN:56,(anonymous_14)
FNF:15
FNH:0
FNDA:0,(anonymous_0)
FNDA:0,(anonymous_1)
FNDA:0,(anonymous_2)
FNDA:0,(anonymous_3)
FNDA:0,(anonymous_4)
FNDA:0,(anonymous_5)
FNDA:0,(anonymous_6)
FNDA:0,(anonymous_7)
FNDA:0,(anonymous_8)
FNDA:0,(anonymous_9)
FNDA:0,(anonymous_10)
FNDA:0,(anonymous_11)
FNDA:0,(anonymous_12)
FNDA:0,(anonymous_13)
FNDA:0,(anonymous_14)
DA:11,1
DA:12,0
DA:14,0
DA:17,0
DA:20,0
DA:23,0
DA:26,0
DA:29,0
DA:36,0
DA:39,0
DA:40,0
DA:42,0
DA:43,0
DA:45,0
DA:46,0
DA:47,0
DA:48,0
DA:51,0
DA:53,0
DA:54,0
DA:55,0
DA:56,0
DA:58,0
DA:59,0
DA:67,0
LF:25
LH:1
BRDA:53,0,0,0
BRDA:53,0,1,0
BRDA:53,1,0,0
BRDA:53,1,1,0
BRDA:58,2,0,0
BRDA:58,2,1,0
BRDA:58,3,0,0
BRDA:58,3,1,0
BRF:8
BRH:0
end_of_record
TN:
SF:D:\development\aion\rubix\retail\webadmin\src\app\features\entitlement\role\views\role\role.component.ts
FN:44,(anonymous_0)
FN:51,(anonymous_1)
FN:56,(anonymous_2)
FN:58,(anonymous_3)
FN:63,(anonymous_4)
FN:68,(anonymous_5)
FN:72,(anonymous_6)
FN:85,(anonymous_7)
FN:93,(anonymous_8)
FN:103,(anonymous_9)
FN:110,(anonymous_10)
FN:112,(anonymous_11)
FN:115,(anonymous_12)
FN:119,(anonymous_13)
FN:127,(anonymous_14)
FN:129,(anonymous_15)
FN:139,(anonymous_16)
FN:144,(anonymous_17)
FN:145,(anonymous_18)
FN:149,(anonymous_19)
FN:151,(anonymous_20)
FN:156,(anonymous_21)
FN:162,(anonymous_22)
FN:165,(anonymous_23)
FN:167,(anonymous_24)
FN:170,(anonymous_25)
FN:176,(anonymous_26)
FNF:27
FNH:6
FNDA:8,(anonymous_0)
FNDA:17,(anonymous_1)
FNDA:17,(anonymous_2)
FNDA:16,(anonymous_3)
FNDA:0,(anonymous_4)
FNDA:1,(anonymous_5)
FNDA:1,(anonymous_6)
FNDA:0,(anonymous_7)
FNDA:0,(anonymous_8)
FNDA:0,(anonymous_9)
FNDA:0,(anonymous_10)
FNDA:0,(anonymous_11)
FNDA:0,(anonymous_12)
FNDA:0,(anonymous_13)
FNDA:0,(anonymous_14)
FNDA:0,(anonymous_15)
FNDA:0,(anonymous_16)
FNDA:0,(anonymous_17)
FNDA:0,(anonymous_18)
FNDA:0,(anonymous_19)
FNDA:0,(anonymous_20)
FNDA:0,(anonymous_21)
FNDA:0,(anonymous_22)
FNDA:0,(anonymous_23)
FNDA:0,(anonymous_24)
FNDA:0,(anonymous_25)
FNDA:0,(anonymous_26)
DA:30,1
DA:31,8
DA:32,8
DA:33,8
DA:36,8
DA:45,8
DA:46,8
DA:49,8
DA:53,17
DA:57,17
DA:59,16
DA:60,16
DA:61,16
DA:62,16
DA:63,16
DA:68,1
DA:73,1
DA:74,1
DA:86,0
DA:87,0
DA:89,0
DA:94,0
DA:95,0
DA:96,0
DA:103,0
DA:104,0
DA:105,0
DA:111,0
DA:112,0
DA:113,0
DA:114,0
DA:115,0
DA:116,0
DA:119,0
DA:122,0
DA:124,0
DA:128,0
DA:130,0
DA:131,0
DA:132,0
DA:133,0
DA:134,0
DA:135,0
DA:136,0
DA:137,0
DA:140,0
DA:145,0
DA:146,0
DA:150,0
DA:152,0
DA:153,0
DA:154,0
DA:155,0
DA:156,0
DA:157,0
DA:158,0
DA:159,0
DA:160,0
DA:162,0
DA:166,0
DA:168,0
DA:169,0
DA:170,0
DA:171,0
DA:172,0
DA:173,0
DA:174,0
DA:176,0
LF:68
LH:18
BRDA:77,0,0,0
BRDA:77,0,1,1
BRDA:79,1,0,0
BRDA:79,1,1,1
BRDA:86,2,0,0
BRDA:86,2,1,0
BRDA:104,3,0,0
BRDA:104,3,1,0
BRDA:114,4,0,0
BRDA:114,4,1,0
BRF:10
BRH:2
end_of_record
TN:
SF:D:\development\aion\rubix\retail\webadmin\src\app\features\entitlement\user\components\detail-item\detail-item.component.ts
FN:13,(anonymous_0)
FN:15,(anonymous_1)
FNF:2
FNH:0
FNDA:0,(anonymous_0)
FNDA:0,(anonymous_1)
DA:11,1
DA:12,1
LF:2
LH:2
BRF:0
BRH:0
end_of_record
TN:
SF:D:\development\aion\rubix\retail\webadmin\src\app\features\entitlement\user\components\user-detail\user-detail.component.ts
FN:14,(anonymous_0)
FN:20,(anonymous_1)
FNF:2
FNH:0
FNDA:0,(anonymous_0)
FNDA:0,(anonymous_1)
DA:12,1
DA:15,0
DA:16,0
LF:3
LH:1
BRF:0
BRH:0
end_of_record
TN:
SF:D:\development\aion\rubix\retail\webadmin\src\app\features\entitlement\user\components\user-form\user-form.component.ts
FN:46,(anonymous_0)
FN:53,(anonymous_1)
FN:54,(anonymous_2)
FN:64,(anonymous_3)
FN:68,(anonymous_4)
FN:75,(anonymous_5)
FN:78,(anonymous_6)
FN:82,(anonymous_7)
FN:92,(anonymous_8)
FN:112,(anonymous_9)
FN:119,(anonymous_10)
FN:120,(anonymous_11)
FN:122,(anonymous_12)
FN:124,(anonymous_13)
FN:128,(anonymous_14)
FN:137,(anonymous_15)
FNF:16
FNH:10
FNDA:7,(anonymous_0)
FNDA:56,(anonymous_1)
FNDA:103,(anonymous_2)
FNDA:14,(anonymous_3)
FNDA:14,(anonymous_4)
FNDA:17,(anonymous_5)
FNDA:10,(anonymous_6)
FNDA:10,(anonymous_7)
FNDA:10,(anonymous_8)
FNDA:0,(anonymous_9)
FNDA:0,(anonymous_10)
FNDA:0,(anonymous_11)
FNDA:0,(anonymous_12)
FNDA:0,(anonymous_13)
FNDA:0,(anonymous_14)
FNDA:7,(anonymous_15)
DA:34,1
DA:40,7
DA:41,7
DA:42,7
DA:43,7
DA:47,7
DA:48,7
DA:51,7
DA:54,56
DA:55,103
DA:56,56
DA:58,47
DA:59,17
DA:61,30
DA:65,14
DA:66,14
DA:69,14
DA:70,14
DA:72,14
DA:75,17
DA:78,10
DA:82,10
DA:92,10
DA:112,0
DA:116,14
DA:120,0
DA:123,0
DA:124,0
DA:127,0
DA:128,0
DA:129,0
DA:130,0
DA:133,0
DA:135,0
DA:138,7
DA:139,7
LF:36
LH:26
BRDA:55,0,0,56
BRDA:55,0,1,47
BRDA:58,1,0,17
BRDA:58,1,1,30
BRDA:87,2,0,0
BRDA:87,2,1,14
BRDA:97,3,0,0
BRDA:97,3,1,14
BRDA:103,4,0,0
BRDA:103,4,1,14
BRDA:105,5,0,0
BRDA:105,5,1,14
BRDA:109,6,0,0
BRDA:109,6,1,14
BRDA:127,7,0,0
BRDA:127,7,1,0
BRDA:127,8,0,0
BRDA:127,8,1,0
BRDA:130,9,0,0
BRDA:130,9,1,0
BRF:20
BRH:9
end_of_record
TN:
SF:D:\development\aion\rubix\retail\webadmin\src\app\features\entitlement\user\services\user.service.ts
FN:12,(anonymous_0)
FN:13,(anonymous_1)
FN:16,(anonymous_2)
FN:19,(anonymous_3)
FN:22,(anonymous_4)
FN:25,(anonymous_5)
FN:28,(anonymous_6)
FN:31,(anonymous_7)
FN:34,(anonymous_8)
FN:37,(anonymous_9)
FN:42,(anonymous_10)
FN:43,(anonymous_11)
FNF:12
FNH:0
FNDA:0,(anonymous_0)
FNDA:0,(anonymous_1)
FNDA:0,(anonymous_2)
FNDA:0,(anonymous_3)
FNDA:0,(anonymous_4)
FNDA:0,(anonymous_5)
FNDA:0,(anonymous_6)
FNDA:0,(anonymous_7)
FNDA:0,(anonymous_8)
FNDA:0,(anonymous_9)
FNDA:0,(anonymous_10)
FNDA:0,(anonymous_11)
DA:10,1
DA:11,0
DA:12,0
DA:14,0
DA:17,0
DA:20,0
DA:23,0
DA:26,0
DA:29,0
DA:32,0
DA:35,0
DA:38,0
DA:39,0
DA:40,0
DA:43,0
DA:44,0
DA:45,0
DA:46,0
DA:47,0
LF:19
LH:1
BRDA:46,0,0,0
BRDA:46,0,1,0
BRF:2
BRH:0
end_of_record
TN:
SF:D:\development\aion\rubix\retail\webadmin\src\app\features\entitlement\user\views\user\user.component.ts
FN:57,(anonymous_0)
FN:65,(anonymous_1)
FN:70,(anonymous_2)
FN:72,(anonymous_3)
FN:76,(anonymous_4)
FN:80,(anonymous_5)
FN:83,(anonymous_6)
FN:94,(anonymous_7)
FN:102,(anonymous_8)
FN:104,(anonymous_9)
FN:107,(anonymous_10)
FN:110,(anonymous_11)
FN:118,(anonymous_12)
FN:121,(anonymous_13)
FN:134,(anonymous_14)
FN:142,(anonymous_15)
FN:144,(anonymous_16)
FN:149,(anonymous_17)
FN:152,(anonymous_18)
FN:154,(anonymous_19)
FN:163,(anonymous_20)
FN:168,(anonymous_21)
FN:169,(anonymous_22)
FN:173,(anonymous_23)
FN:175,(anonymous_24)
FN:179,(anonymous_25)
FN:186,(anonymous_26)
FN:191,(anonymous_27)
FN:193,(anonymous_28)
FN:194,(anonymous_29)
FN:201,(anonymous_30)
FN:204,(anonymous_31)
FNF:32
FNH:7
FNDA:7,(anonymous_0)
FNDA:15,(anonymous_1)
FNDA:15,(anonymous_2)
FNDA:14,(anonymous_3)
FNDA:1,(anonymous_4)
FNDA:0,(anonymous_5)
FNDA:1,(anonymous_6)
FNDA:0,(anonymous_7)
FNDA:0,(anonymous_8)
FNDA:0,(anonymous_9)
FNDA:0,(anonymous_10)
FNDA:0,(anonymous_11)
FNDA:0,(anonymous_12)
FNDA:0,(anonymous_13)
FNDA:0,(anonymous_14)
FNDA:0,(anonymous_15)
FNDA:0,(anonymous_16)
FNDA:0,(anonymous_17)
FNDA:0,(anonymous_18)
FNDA:0,(anonymous_19)
FNDA:0,(anonymous_20)
FNDA:0,(anonymous_21)
FNDA:0,(anonymous_22)
FNDA:0,(anonymous_23)
FNDA:0,(anonymous_24)
FNDA:0,(anonymous_25)
FNDA:0,(anonymous_26)
FNDA:0,(anonymous_27)
FNDA:0,(anonymous_28)
FNDA:0,(anonymous_29)
FNDA:0,(anonymous_30)
FNDA:14,(anonymous_31)
DA:42,1
DA:47,7
DA:48,7
DA:50,7
DA:52,7
DA:54,1
DA:55,1
DA:58,7
DA:59,7
DA:62,7
DA:66,15
DA:71,15
DA:73,14
DA:74,14
DA:76,1
DA:81,0
DA:84,1
DA:85,1
DA:95,0
DA:96,0
DA:98,0
DA:103,0
DA:105,0
DA:107,0
DA:111,0
DA:112,0
DA:113,0
DA:119,0
DA:123,0
DA:126,0
DA:127,0
DA:134,0
DA:135,0
DA:136,0
DA:143,0
DA:145,0
DA:146,0
DA:147,0
DA:149,0
DA:153,0
DA:155,0
DA:156,0
DA:157,0
DA:158,0
DA:159,0
DA:160,0
DA:161,0
DA:164,0
DA:169,0
DA:170,0
DA:174,0
DA:176,0
DA:177,0
DA:178,0
DA:179,0
DA:181,0
DA:182,0
DA:183,0
DA:184,0
DA:187,0
DA:192,0
DA:194,0
DA:195,0
DA:196,0
DA:197,0
DA:199,0
DA:201,0
DA:205,14
DA:206,14
DA:207,14
LF:70
LH:20
BRDA:90,0,0,0
BRDA:90,0,1,1
BRDA:90,1,0,1
BRDA:90,1,1,0
BRDA:95,2,0,0
BRDA:95,2,1,0
BRDA:124,3,0,0
BRDA:124,3,1,0
BRDA:135,4,0,0
BRDA:135,4,1,0
BRDA:137,5,0,0
BRDA:137,5,1,0
BRF:12
BRH:2
end_of_record
TN:
SF:D:\development\aion\rubix\retail\webadmin\src\app\features\setting\setting.constant.ts
FNF:0
FNH:0
DA:1,1
DA:2,1
LF:2
LH:2
BRF:0
BRH:0
end_of_record
TN:
SF:D:\development\aion\rubix\retail\webadmin\src\app\features\setting\setting.service.ts
FN:8,(anonymous_0)
FN:10,(anonymous_1)
FN:13,(anonymous_2)
FNF:3
FNH:0
FNDA:0,(anonymous_0)
FNDA:0,(anonymous_1)
FNDA:0,(anonymous_2)
DA:7,1
DA:8,0
DA:11,0
DA:14,0
LF:4
LH:1
BRF:0
BRH:0
end_of_record
TN:
SF:D:\development\aion\rubix\retail\webadmin\src\app\features\setting\components\about\about.component.ts
FN:16,(anonymous_0)
FN:18,(anonymous_1)
FN:20,(anonymous_2)
FNF:3
FNH:0
FNDA:0,(anonymous_0)
FNDA:0,(anonymous_1)
FNDA:0,(anonymous_2)
DA:13,1
DA:14,1
DA:15,0
DA:21,0
LF:4
LH:2
BRF:0
BRH:0
end_of_record
TN:
SF:D:\development\aion\rubix\retail\webadmin\src\app\features\setting\components\update-password\update-password.component.ts
FN:19,(anonymous_0)
FN:25,(anonymous_1)
FN:35,(anonymous_2)
FN:44,(anonymous_3)
FN:48,(anonymous_4)
FN:52,(anonymous_5)
FNF:6
FNH:0
FNDA:0,(anonymous_0)
FNDA:0,(anonymous_1)
FNDA:0,(anonymous_2)
FNDA:0,(anonymous_3)
FNDA:0,(anonymous_4)
FNDA:0,(anonymous_5)
DA:16,1
DA:19,0
DA:22,0
DA:26,0
DA:36,0
DA:40,0
DA:42,0
DA:45,0
DA:46,0
DA:47,0
DA:49,0
DA:50,0
DA:52,0
LF:13
LH:1
BRDA:36,0,0,0
BRDA:36,0,1,0
BRDA:37,1,0,0
BRDA:37,1,1,0
BRF:4
BRH:0
end_of_record
TN:
SF:D:\development\aion\rubix\retail\webadmin\src\app\shared\components\base\base.component.ts
FN:20,(anonymous_0)
FN:29,(anonymous_1)
FN:35,(anonymous_2)
FNF:3
FNH:2
FNDA:81,(anonymous_0)
FNDA:0,(anonymous_1)
FNDA:3,(anonymous_2)
DA:12,1
DA:14,81
DA:15,81
DA:21,81
DA:22,81
DA:24,81
DA:25,81
DA:26,81
DA:30,0
DA:31,0
DA:36,3
DA:37,3
LF:12
LH:10
BRF:0
BRH:0
end_of_record
TN:
SF:D:\development\aion\rubix\retail\webadmin\src\app\shared\components\confirm-dialog\confirm-dialog.component.ts
FN:14,(anonymous_0)
FN:23,(anonymous_1)
FN:26,(anonymous_3)
FNF:3
FNH:2
FNDA:3,(anonymous_0)
FNDA:3,(anonymous_1)
FNDA:0,(anonymous_3)
DA:10,1
DA:15,3
DA:16,3
DA:19,3
DA:20,3
DA:26,0
LF:6
LH:5
BRF:0
BRH:0
end_of_record
TN:
SF:D:\development\aion\rubix\retail\webadmin\src\app\shared\components\default-text\default-text.component.ts
FN:10,(anonymous_0)
FN:12,(anonymous_1)
FNF:2
FNH:2
FNDA:1,(anonymous_0)
FNDA:1,(anonymous_1)
DA:8,1
LF:1
LH:1
BRF:0
BRH:0
end_of_record
TN:
SF:D:\development\aion\rubix\retail\webadmin\src\app\shared\components\mat-error\mat-error.component.ts
FN:10,(anonymous_0)
FN:12,(anonymous_1)
FNF:2
FNH:2
FNDA:1,(anonymous_0)
FNDA:1,(anonymous_1)
DA:8,1
DA:9,1
LF:2
LH:2
BRF:0
BRH:0
end_of_record
TN:
SF:D:\development\aion\rubix\retail\webadmin\src\app\shared\components\message-box\message-box.component.ts
FN:14,(anonymous_0)
FN:16,(anonymous_1)
FN:22,(anonymous_2)
FN:25,(anonymous_3)
FNF:4
FNH:2
FNDA:2,(anonymous_0)
FNDA:0,(anonymous_1)
FNDA:2,(anonymous_2)
FNDA:0,(anonymous_3)
DA:9,1
DA:10,1
DA:11,1
DA:17,0
DA:18,0
DA:19,0
DA:23,2
DA:26,0
LF:8
LH:4
BRDA:17,0,0,0
BRDA:17,0,1,0
BRF:2
BRH:0
end_of_record
TN:
SF:D:\development\aion\rubix\retail\webadmin\src\app\shared\components\time-control\w-clock.component.ts
FN:5,(anonymous_0)
FN:18,(anonymous_1)
FN:29,(anonymous_2)
FN:35,(anonymous_3)
FN:65,(anonymous_4)
FN:95,(anonymous_5)
FN:107,(anonymous_6)
FNF:7
FNH:1
FNDA:1,(anonymous_0)
FNDA:0,(anonymous_1)
FNDA:0,(anonymous_2)
FNDA:0,(anonymous_3)
FNDA:0,(anonymous_4)
FNDA:0,(anonymous_5)
FNDA:0,(anonymous_6)
DA:5,1
DA:6,1
DA:7,1
DA:18,1
DA:20,1
DA:21,1
DA:22,1
DA:24,0
DA:25,0
DA:31,0
DA:37,0
DA:39,0
DA:43,0
DA:45,0
DA:46,0
DA:47,0
DA:49,0
DA:52,0
DA:56,0
DA:57,0
DA:59,0
DA:60,0
DA:61,0
DA:67,0
DA:68,0
DA:71,0
DA:72,0
DA:75,0
DA:76,0
DA:79,0
DA:80,0
DA:81,0
DA:83,0
DA:86,0
DA:92,0
DA:97,0
DA:99,0
DA:101,0
DA:104,0
DA:109,0
DA:110,0
DA:113,0
DA:115,0
DA:118,0
LF:44
LH:7
BRDA:5,0,0,1
BRDA:5,0,1,1
BRDA:41,1,0,0
BRDA:41,1,1,0
BRDA:46,2,0,0
BRDA:46,2,1,0
BRDA:47,3,0,0
BRDA:47,3,1,0
BRDA:60,4,0,0
BRDA:60,4,1,0
BRDA:70,5,0,0
BRDA:70,5,1,0
BRDA:80,6,0,0
BRDA:80,6,1,0
BRDA:99,7,0,0
BRDA:99,7,1,0
BRDA:109,8,0,0
BRDA:109,8,1,0
BRF:18
BRH:2
end_of_record
TN:
SF:D:\development\aion\rubix\retail\webadmin\src\app\shared\components\time-control\w-time-dialog.component.ts
FN:23,(anonymous_0)
FN:32,(anonymous_1)
FN:43,(anonymous_2)
FN:48,(anonymous_3)
FN:53,(anonymous_4)
FN:58,(anonymous_5)
FNF:6
FNH:0
FNDA:0,(anonymous_0)
FNDA:0,(anonymous_1)
FNDA:0,(anonymous_2)
FNDA:0,(anonymous_3)
FNDA:0,(anonymous_4)
FNDA:0,(anonymous_5)
DA:14,1
DA:16,0
DA:17,0
DA:18,0
DA:19,0
DA:24,0
DA:25,0
DA:26,0
DA:28,0
DA:34,0
DA:36,0
DA:39,0
DA:45,0
DA:50,0
DA:55,0
DA:60,0
LF:16
LH:1
BRDA:34,0,0,0
BRDA:34,0,1,0
BRF:2
BRH:0
end_of_record
TN:
SF:D:\development\aion\rubix\retail\webadmin\src\app\shared\constants\app.constants.ts
FN:4,createUrl
FN:8,(anonymous_1)
FN:16,(anonymous_2)
FN:20,(anonymous_3)
FN:21,(anonymous_4)
FN:22,(anonymous_5)
FN:23,(anonymous_6)
FN:24,(anonymous_7)
FN:25,(anonymous_8)
FN:26,(anonymous_9)
FN:27,(anonymous_10)
FN:28,(anonymous_11)
FN:29,(anonymous_12)
FN:30,(anonymous_13)
FN:31,(anonymous_14)
FN:32,(anonymous_15)
FN:33,(anonymous_16)
FNF:17
FNH:8
FNDA:0,createUrl
FNDA:1,(anonymous_1)
FNDA:12,(anonymous_2)
FNDA:6,(anonymous_3)
FNDA:0,(anonymous_4)
FNDA:0,(anonymous_5)
FNDA:0,(anonymous_6)
FNDA:0,(anonymous_7)
FNDA:1,(anonymous_8)
FNDA:0,(anonymous_9)
FNDA:2,(anonymous_10)
FNDA:1,(anonymous_11)
FNDA:0,(anonymous_12)
FNDA:1,(anonymous_13)
FNDA:0,(anonymous_14)
FNDA:0,(anonymous_15)
FNDA:2,(anonymous_16)
DA:3,1
DA:5,0
DA:8,1
DA:9,1
DA:10,1
DA:11,1
DA:12,1
DA:13,1
DA:16,1
DA:17,12
DA:19,1
DA:20,6
DA:21,0
DA:22,0
DA:23,0
DA:24,0
DA:25,1
DA:26,0
DA:27,2
DA:28,1
DA:29,0
DA:30,1
DA:31,0
DA:32,0
DA:33,2
DA:36,1
DA:42,1
DA:47,1
DA:51,1
DA:57,1
DA:59,1
LF:31
LH:22
BRDA:8,0,0,1
BRDA:8,0,1,1
BRF:2
BRH:2
end_of_record
TN:
SF:D:\development\aion\rubix\retail\webadmin\src\app\shared\enums\events.enum.ts
FN:1,(anonymous_0)
FNF:1
FNH:1
FNDA:1,(anonymous_0)
DA:1,1
DA:2,1
DA:3,1
DA:4,1
LF:4
LH:4
BRDA:1,0,0,1
BRDA:1,0,1,1
BRF:2
BRH:2
end_of_record
TN:
SF:D:\development\aion\rubix\retail\webadmin\src\app\shared\helpers\global.helper.ts
FN:1,(anonymous_0)
FN:5,(anonymous_1)
FN:6,(anonymous_2)
FN:8,(anonymous_3)
FN:9,(anonymous_4)
FN:19,(anonymous_5)
FN:22,(anonymous_6)
FN:23,(anonymous_7)
FN:30,(anonymous_8)
FN:31,(anonymous_9)
FN:35,(anonymous_10)
FN:38,(anonymous_11)
FN:42,(anonymous_12)
FN:44,(anonymous_13)
FN:47,(anonymous_14)
FN:56,(anonymous_15)
FN:65,(anonymous_16)
FNF:17
FNH:5
FNDA:0,(anonymous_0)
FNDA:0,(anonymous_1)
FNDA:0,(anonymous_2)
FNDA:0,(anonymous_3)
FNDA:0,(anonymous_4)
FNDA:27,(anonymous_5)
FNDA:1,(anonymous_6)
FNDA:0,(anonymous_7)
FNDA:0,(anonymous_8)
FNDA:0,(anonymous_9)
FNDA:0,(anonymous_10)
FNDA:0,(anonymous_11)
FNDA:6,(anonymous_12)
FNDA:42,(anonymous_13)
FNDA:27,(anonymous_14)
FNDA:0,(anonymous_15)
FNDA:0,(anonymous_16)
DA:1,1
DA:2,0
DA:5,1
DA:6,0
DA:7,0
DA:8,0
DA:9,0
DA:10,0
DA:12,0
DA:14,0
DA:17,0
DA:19,1
DA:20,27
DA:21,27
DA:22,27
DA:23,1
DA:24,0
DA:26,1
DA:28,27
DA:30,1
DA:31,0
DA:32,0
DA:35,1
DA:36,0
DA:38,0
DA:42,1
DA:43,6
DA:44,6
DA:45,42
DA:47,27
DA:49,42
DA:51,6
DA:56,1
DA:57,0
DA:58,0
DA:59,0
DA:60,0
DA:61,0
DA:65,1
DA:66,0
LF:40
LH:20
BRDA:20,0,0,0
BRDA:20,0,1,27
BRDA:32,1,0,0
BRDA:32,1,1,0
BRF:4
BRH:1
end_of_record
TN:
SF:D:\development\aion\rubix\retail\webadmin\src\app\shared\models\base.model.ts
FN:1,(anonymous_0)
FNF:1
FNH:1
FNDA:17,(anonymous_0)
DA:5,17
DA:6,17
LF:2
LH:2
BRF:0
BRH:0
end_of_record
TN:
SF:D:\development\aion\rubix\retail\webadmin\src\app\shared\models\emit-event.model.ts
FN:2,(anonymous_0)
FNF:1
FNH:0
FNDA:0,(anonymous_0)
DA:2,0
LF:1
LH:0
BRF:0
BRH:0
end_of_record
TN:
SF:D:\development\aion\rubix\retail\webadmin\src\app\shared\services\mapper.service.ts
FN:8,(anonymous_0)
FN:9,(anonymous_1)
FN:14,(anonymous_2)
FN:15,(anonymous_3)
FN:25,(anonymous_4)
FN:27,(anonymous_5)
FNF:6
FNH:3
FNDA:81,(anonymous_0)
FNDA:16,(anonymous_1)
FNDA:16,(anonymous_2)
FNDA:0,(anonymous_3)
FNDA:0,(anonymous_4)
FNDA:0,(anonymous_5)
DA:6,1
DA:10,16
DA:11,16
DA:12,16
DA:15,16
DA:16,0
DA:17,0
DA:18,0
DA:19,0
DA:20,0
DA:27,0
DA:28,0
DA:29,0
DA:30,0
DA:31,0
DA:32,0
DA:34,0
DA:35,0
DA:38,0
LF:19
LH:5
BRDA:16,0,0,0
BRDA:16,0,1,0
BRDA:19,1,0,0
BRDA:19,1,1,0
BRDA:19,2,0,0
BRDA:19,2,1,0
BRDA:28,3,0,0
BRDA:28,3,1,0
BRDA:29,4,0,0
BRDA:29,4,1,0
BRDA:30,5,0,0
BRDA:30,5,1,0
BRF:12
BRH:0
end_of_record
TN:
SF:D:\development\aion\rubix\retail\webadmin\src\app\shared\services\auth\authentication.service.ts
FN:16,(anonymous_0)
FN:71,(anonymous_1)
FN:22,(anonymous_2)
FN:25,(anonymous_3)
FN:28,(anonymous_4)
FN:32,(anonymous_5)
FN:35,(anonymous_6)
FN:39,(anonymous_7)
FN:48,(anonymous_8)
FN:51,(anonymous_9)
FN:54,(anonymous_10)
FN:57,(anonymous_11)
FN:61,(anonymous_12)
FN:64,(anonymous_13)
FN:68,(anonymous_14)
FN:75,(anonymous_15)
FNF:16
FNH:0
FNDA:0,(anonymous_0)
FNDA:0,(anonymous_1)
FNDA:0,(anonymous_2)
FNDA:0,(anonymous_3)
FNDA:0,(anonymous_4)
FNDA:0,(anonymous_5)
FNDA:0,(anonymous_6)
FNDA:0,(anonymous_7)
FNDA:0,(anonymous_8)
FNDA:0,(anonymous_9)
FNDA:0,(anonymous_10)
FNDA:0,(anonymous_11)
FNDA:0,(anonymous_12)
FNDA:0,(anonymous_13)
FNDA:0,(anonymous_14)
FNDA:0,(anonymous_15)
DA:15,1
DA:17,0
DA:18,0
DA:19,0
DA:23,0
DA:26,0
DA:29,0
DA:33,0
DA:36,0
DA:40,0
DA:41,0
DA:42,0
DA:43,0
DA:49,0
DA:52,0
DA:55,0
DA:58,0
DA:62,0
DA:65,0
DA:69,0
DA:71,0
DA:72,0
DA:73,0
DA:76,0
LF:24
LH:1
BRDA:73,0,0,0
BRDA:73,0,1,0
BRDA:69,1,0,0
BRDA:69,1,1,0
BRF:4
BRH:0
end_of_record
TN:
SF:D:\development\aion\rubix\retail\webadmin\src\app\shared\services\auth-guard\auth.guard.ts
FN:14,(anonymous_0)
FN:19,(anonymous_1)
FNF:2
FNH:0
FNDA:0,(anonymous_0)
FNDA:0,(anonymous_1)
DA:13,1
DA:15,0
DA:16,0
DA:23,0
DA:24,0
DA:25,0
DA:27,0
DA:30,0
LF:8
LH:1
BRDA:24,0,0,0
BRDA:24,0,1,0
BRF:2
BRH:0
end_of_record
TN:
SF:D:\development\aion\rubix\retail\webadmin\src\app\shared\services\encryption-service\encryption.service.ts
FN:10,(anonymous_0)
FN:11,(anonymous_1)
FN:18,(anonymous_2)
FNF:3
FNH:1
FNDA:81,(anonymous_0)
FNDA:0,(anonymous_1)
FNDA:0,(anonymous_2)
DA:8,1
DA:12,0
DA:13,0
DA:15,0
DA:19,0
DA:20,0
DA:22,0
LF:7
LH:1
BRF:0
BRH:0
end_of_record
TN:
SF:D:\development\aion\rubix\retail\webadmin\src\app\shared\services\error-emitter\error-emitter.service.ts
FN:13,(anonymous_0)
FN:15,(anonymous_1)
FNF:2
FNH:1
FNDA:81,(anonymous_0)
FNDA:0,(anonymous_1)
DA:8,1
DA:10,81
DA:11,81
DA:16,0
LF:4
LH:3
BRF:0
BRH:0
end_of_record
TN:
SF:D:\development\aion\rubix\retail\webadmin\src\app\shared\services\event-bus\event-bus.service.ts
FN:12,(anonymous_0)
FN:14,(anonymous_1)
FN:17,(anonymous_2)
FN:19,(anonymous_3)
FN:20,(anonymous_4)
FNF:5
FNH:1
FNDA:81,(anonymous_0)
FNDA:0,(anonymous_1)
FNDA:0,(anonymous_2)
FNDA:0,(anonymous_3)
FNDA:0,(anonymous_4)
DA:10,1
DA:11,81
DA:15,0
DA:18,0
DA:19,0
DA:20,0
LF:6
LH:2
BRF:0
BRH:0
end_of_record
TN:
SF:D:\development\aion\rubix\retail\webadmin\src\app\shared\services\global-error\global-error.service.ts
FN:8,(anonymous_0)
FNF:1
FNH:0
FNDA:0,(anonymous_0)
DA:6,1
DA:9,0
DA:11,0
DA:12,0
LF:4
LH:1
BRDA:11,0,0,0
BRDA:11,0,1,0
BRF:2
BRH:0
end_of_record
TN:
SF:D:\development\aion\rubix\retail\webadmin\src\app\shared\services\network\network.service.ts
FN:13,(anonymous_0)
FN:15,(anonymous_1)
FN:19,(anonymous_2)
FN:29,(anonymous_3)
FN:36,(anonymous_4)
FN:42,(anonymous_5)
FN:49,(anonymous_6)
FN:56,(anonymous_7)
FN:60,(anonymous_8)
FNF:9
FNH:0
FNDA:0,(anonymous_0)
FNDA:0,(anonymous_1)
FNDA:0,(anonymous_2)
FNDA:0,(anonymous_3)
FNDA:0,(anonymous_4)
FNDA:0,(anonymous_5)
FNDA:0,(anonymous_6)
FNDA:0,(anonymous_7)
FNDA:0,(anonymous_8)
DA:12,1
DA:13,0
DA:16,0
DA:17,0
DA:18,0
DA:19,0
DA:20,0
DA:21,0
DA:24,0
DA:30,0
DA:31,0
DA:37,0
DA:38,0
DA:43,0
DA:44,0
DA:50,0
DA:51,0
DA:57,0
DA:61,0
LF:19
LH:1
BRDA:17,0,0,0
BRDA:17,0,1,0
BRDA:20,1,0,0
BRDA:20,1,1,0
BRF:4
BRH:0
end_of_record
TN:
SF:D:\development\aion\rubix\retail\webadmin\src\app\shared\services\storage\storage.service.ts
FN:7,(anonymous_0)
FN:8,(anonymous_1)
FN:12,(anonymous_2)
FN:18,(anonymous_3)
FN:25,(anonymous_4)
FN:29,(anonymous_5)
FNF:6
FNH:2
FNDA:81,(anonymous_0)
FNDA:0,(anonymous_1)
FNDA:81,(anonymous_2)
FNDA:0,(anonymous_3)
FNDA:0,(anonymous_4)
FNDA:0,(anonymous_5)
DA:6,1
DA:7,81
DA:9,0
DA:10,0
DA:13,81
DA:14,81
DA:15,0
DA:16,0
DA:19,0
DA:20,0
DA:22,0
DA:26,0
DA:30,0
LF:13
LH:4
BRDA:14,0,0,81
BRDA:14,0,1,0
BRDA:19,1,0,0
BRDA:19,1,1,0
BRF:4
BRH:1
end_of_record
TN:
SF:D:\development\aion\rubix\retail\webadmin\src\app\shared\services\user\auth-user.service.ts
FN:55,(anonymous_0)
FN:65,(anonymous_1)
FN:69,(anonymous_2)
FN:72,(anonymous_3)
FN:79,(anonymous_4)
FN:87,(anonymous_5)
FN:92,(anonymous_6)
FN:98,(anonymous_7)
FN:102,(anonymous_8)
FN:110,(anonymous_9)
FN:112,(anonymous_10)
FN:125,(anonymous_11)
FN:126,(anonymous_12)
FN:129,(anonymous_13)
FNF:14
FNH:1
FNDA:81,(anonymous_0)
FNDA:0,(anonymous_1)
FNDA:0,(anonymous_2)
FNDA:0,(anonymous_3)
FNDA:0,(anonymous_4)
FNDA:0,(anonymous_5)
FNDA:0,(anonymous_6)
FNDA:0,(anonymous_7)
FNDA:0,(anonymous_8)
FNDA:0,(anonymous_9)
FNDA:0,(anonymous_10)
FNDA:0,(anonymous_11)
FNDA:0,(anonymous_12)
FNDA:0,(anonymous_13)
DA:12,1
DA:16,81
DA:56,81
DA:57,81
DA:59,81
DA:60,81
DA:61,0
DA:66,0
DA:67,0
DA:70,0
DA:71,0
DA:72,0
DA:73,0
DA:81,0
DA:82,0
DA:85,0
DA:88,0
DA:89,0
DA:90,0
DA:93,0
DA:94,0
DA:95,0
DA:96,0
DA:99,0
DA:104,0
DA:105,0
DA:107,0
DA:108,0
DA:112,0
DA:113,0
DA:114,0
DA:115,0
DA:116,0
DA:117,0
DA:119,0
DA:120,0
DA:123,0
DA:126,0
DA:127,0
DA:128,0
DA:129,0
DA:130,0
DA:131,0
DA:132,0
DA:133,0
DA:135,0
DA:136,0
LF:47
LH:6
BRDA:60,0,0,0
BRDA:60,0,1,81
BRDA:66,1,0,0
BRDA:66,1,1,0
BRDA:88,2,0,0
BRDA:88,2,1,0
BRDA:90,3,0,0
BRDA:90,3,1,0
BRDA:104,4,0,0
BRDA:104,4,1,0
BRDA:108,5,0,0
BRDA:108,5,1,0
BRDA:113,6,0,0
BRDA:113,6,1,0
BRDA:114,7,0,0
BRDA:114,7,1,0
BRDA:115,8,0,0
BRDA:115,8,1,0
BRDA:127,9,0,0
BRDA:127,9,1,0
BRDA:128,10,0,0
BRDA:128,10,1,0
BRDA:130,11,0,0
BRDA:130,11,1,0
BRF:24
BRH:1
end_of_record
TN:
SF:D:\development\aion\rubix\retail\webadmin\src\app\shared\services\validator-service\validator.service.ts
FN:8,(anonymous_0)
FN:16,(anonymous_1)
FN:24,(anonymous_2)
FN:37,(anonymous_3)
FN:46,(anonymous_4)
FN:56,(anonymous_5)
FN:65,(anonymous_6)
FN:72,(anonymous_7)
FN:81,(anonymous_8)
FN:86,(anonymous_9)
FNF:10
FNH:1
FNDA:0,(anonymous_0)
FNDA:0,(anonymous_1)
FNDA:0,(anonymous_2)
FNDA:101,(anonymous_3)
FNDA:0,(anonymous_4)
FNDA:0,(anonymous_5)
FNDA:0,(anonymous_6)
FNDA:0,(anonymous_7)
FNDA:0,(anonymous_8)
FNDA:0,(anonymous_9)
DA:9,0
DA:10,0
DA:12,0
DA:17,0
DA:18,0
DA:19,0
DA:21,0
DA:25,0
DA:27,0
DA:29,0
DA:31,0
DA:33,0
DA:38,101
DA:39,101
DA:40,9
DA:41,9
DA:43,92
DA:47,0
DA:48,0
DA:49,0
DA:50,0
DA:52,0
DA:57,0
DA:58,0
DA:59,0
DA:60,0
DA:62,0
DA:66,0
DA:67,0
DA:69,0
DA:73,0
DA:74,0
DA:75,0
DA:76,0
DA:78,0
DA:82,0
DA:83,0
DA:87,0
DA:88,0
DA:90,0
LF:40
LH:5
BRDA:9,0,0,0
BRDA:9,0,1,0
BRDA:9,1,0,0
BRDA:9,1,1,0
BRDA:18,2,0,0
BRDA:18,2,1,0
BRDA:18,3,0,0
BRDA:18,3,1,0
BRDA:27,4,0,0
BRDA:27,4,1,0
BRDA:27,5,0,0
BRDA:27,5,1,0
BRDA:31,6,0,0
BRDA:31,6,1,0
BRDA:31,7,0,0
BRDA:31,7,1,0
BRDA:39,8,0,9
BRDA:39,8,1,92
BRDA:39,9,0,101
BRDA:39,9,1,9
BRDA:41,10,0,9
BRDA:41,10,1,0
BRDA:41,11,0,9
BRDA:41,11,1,9
BRDA:48,12,0,0
BRDA:48,12,1,0
BRDA:48,13,0,0
BRDA:48,13,1,0
BRDA:50,14,0,0
BRDA:50,14,1,0
BRDA:50,15,0,0
BRDA:50,15,1,0
BRDA:58,16,0,0
BRDA:58,16,1,0
BRDA:58,17,0,0
BRDA:58,17,1,0
BRDA:60,18,0,0
BRDA:60,18,1,0
BRDA:60,19,0,0
BRDA:60,19,1,0
BRDA:66,20,0,0
BRDA:66,20,1,0
BRDA:75,21,0,0
BRDA:75,21,1,0
BRDA:83,22,0,0
BRDA:83,22,1,0
BRDA:87,23,0,0
BRDA:87,23,1,0
BRF:48
BRH:7
end_of_record
TN:
SF:D:\development\aion\rubix\retail\webadmin\src\environments\environment.ts
FNF:0
FNH:0
DA:5,1
LF:1
LH:1
BRF:0
BRH:0
end_of_record
TN:
SF:D:\development\aion\rubix\retail\webadmin\src\testing\dom.helper.ts
FN:8,(anonymous_0)
FN:28,(anonymous_1)
FN:34,(anonymous_2)
FN:39,(anonymous_3)
FNF:4
FNH:4
FNDA:84,(anonymous_0)
FNDA:21,(anonymous_1)
FNDA:15,(anonymous_2)
FNDA:27,(anonymous_3)
DA:9,84
DA:10,84
DA:29,21
DA:32,21
DA:35,15
DA:40,27
DA:41,27
LF:7
LH:7
BRF:0
BRH:0
end_of_record
